<?xml version="1.0" encoding="UTF-8"?>
<robot generator="Robot 7.0.1 (Python 3.12.4 on darwin)" generated="2024-07-28T16:27:13.592063" rpa="false" schemaversion="5">
<suite id="s1" name="TestesBDDWeb" source="/Users/rodrigobalbino/Documents/GitHub/FourSys/TestesWeb/testes/TestesBDDWeb.robot">
<test id="s1-t1" name="Cenário 01: Iniciar Novo Cadastro" line="8">
<kw name="Dado que eu esteja na tela HOME" owner="BDDpt-br" source_name="Dado ${keyword}">
<kw name="Run Keyword" owner="BuiltIn">
<kw name="que eu esteja na tela HOME" owner="ResourceBDD">
<kw name="Open Browser" owner="SeleniumLibrary">
<msg time="2024-07-28T16:27:13.740708" level="INFO">Opening browser 'chrome' to base url 'https://automationexercise.com/login'.</msg>
<arg>${URL}</arg>
<arg>${BROWSER}</arg>
<doc>Opens a new browser instance to the optional ``url``.</doc>
<status status="PASS" start="2024-07-28T16:27:13.740607" elapsed="4.544045"/>
</kw>
<status status="PASS" start="2024-07-28T16:27:13.740492" elapsed="4.544603"/>
</kw>
<arg>${keyword}</arg>
<doc>Executes the given keyword with the given arguments.</doc>
<status status="PASS" start="2024-07-28T16:27:13.740324" elapsed="4.544858"/>
</kw>
<status status="PASS" start="2024-07-28T16:27:13.739845" elapsed="4.545418"/>
</kw>
<kw name="Quando eu informar Nome e Email" owner="BDDpt-br" source_name="Quando ${keyword}">
<kw name="Run Keyword" owner="BuiltIn">
<kw name="eu informar Nome e Email" owner="ResourceBDD">
<kw name="preencher nome e email" owner="ResourceBDD">
<kw name="Name" owner="FakerLibrary">
<msg time="2024-07-28T16:27:18.287716" level="INFO">${NOMEFAKE} = Luana da Conceição</msg>
<var>${NOMEFAKE}</var>
<doc>:example: 'John Doe'</doc>
<status status="PASS" start="2024-07-28T16:27:18.287364" elapsed="0.000387"/>
</kw>
<kw name="Click Element" owner="SeleniumLibrary">
<msg time="2024-07-28T16:27:18.288388" level="INFO">Clicking element 'name=name'.</msg>
<arg>${NAME}</arg>
<doc>Click the element identified by ``locator``.</doc>
<status status="PASS" start="2024-07-28T16:27:18.287927" elapsed="0.099831"/>
</kw>
<kw name="Sleep" owner="BuiltIn">
<msg time="2024-07-28T16:27:20.390155" level="INFO">Slept 2 seconds.</msg>
<arg>2s</arg>
<doc>Pauses the test executed for the given time.</doc>
<status status="PASS" start="2024-07-28T16:27:18.388062" elapsed="2.002299"/>
</kw>
<kw name="Input Text" owner="SeleniumLibrary">
<msg time="2024-07-28T16:27:20.391351" level="INFO">Typing text 'Luana da Conceição' into text field 'name=name'.</msg>
<arg>${NAME}</arg>
<arg>${NOMEFAKE}</arg>
<doc>Types the given ``text`` into the text field identified by ``locator``.</doc>
<status status="PASS" start="2024-07-28T16:27:20.390856" elapsed="0.221269"/>
</kw>
<kw name="Log To Console" owner="BuiltIn">
<arg>${NOMEFAKE}</arg>
<doc>Logs the given message to the console.</doc>
<status status="PASS" start="2024-07-28T16:27:20.612597" elapsed="0.000464"/>
</kw>
<kw name="Email" owner="FakerLibrary">
<msg time="2024-07-28T16:27:20.614035" level="INFO">${EMAILFAKE} = hellenabarbosa@example.net</msg>
<var>${EMAILFAKE}</var>
<status status="PASS" start="2024-07-28T16:27:20.613422" elapsed="0.000653"/>
</kw>
<kw name="Click Element" owner="SeleniumLibrary">
<msg time="2024-07-28T16:27:20.614569" level="INFO">Clicking element 'xpath=.//input[contains(@data-qa,'signup-email')]'.</msg>
<arg>${EMAIL}</arg>
<doc>Click the element identified by ``locator``.</doc>
<status status="PASS" start="2024-07-28T16:27:20.614255" elapsed="0.080811"/>
</kw>
<kw name="Sleep" owner="BuiltIn">
<msg time="2024-07-28T16:27:22.696316" level="INFO">Slept 2 seconds.</msg>
<arg>2s</arg>
<doc>Pauses the test executed for the given time.</doc>
<status status="PASS" start="2024-07-28T16:27:20.695472" elapsed="2.000987"/>
</kw>
<kw name="Input Text" owner="SeleniumLibrary">
<msg time="2024-07-28T16:27:22.697281" level="INFO">Typing text 'hellenabarbosa@example.net' into text field 'xpath=.//input[contains(@data-qa,'signup-email')]'.</msg>
<arg>${EMAIL}</arg>
<arg>${EMAILFAKE}</arg>
<doc>Types the given ``text`` into the text field identified by ``locator``.</doc>
<status status="PASS" start="2024-07-28T16:27:22.696899" elapsed="0.121437"/>
</kw>
<kw name="Log To Console" owner="BuiltIn">
<arg>${EMAILFAKE}</arg>
<doc>Logs the given message to the console.</doc>
<status status="PASS" start="2024-07-28T16:27:22.818882" elapsed="0.000463"/>
</kw>
<kw name="Sleep" owner="BuiltIn">
<msg time="2024-07-28T16:27:24.820907" level="INFO">Slept 2 seconds.</msg>
<arg>2s</arg>
<doc>Pauses the test executed for the given time.</doc>
<status status="PASS" start="2024-07-28T16:27:22.819598" elapsed="2.001428"/>
</kw>
<status status="PASS" start="2024-07-28T16:27:18.287129" elapsed="6.534002"/>
</kw>
<status status="PASS" start="2024-07-28T16:27:18.286749" elapsed="6.534422"/>
</kw>
<arg>${keyword}</arg>
<doc>Executes the given keyword with the given arguments.</doc>
<status status="PASS" start="2024-07-28T16:27:18.286272" elapsed="6.534928"/>
</kw>
<status status="PASS" start="2024-07-28T16:27:18.285788" elapsed="6.535447"/>
</kw>
<kw name="E clicar no botão Signup" owner="BDDpt-br" source_name="E ${keyword}">
<kw name="Run Keyword" owner="BuiltIn">
<kw name="clicar no botão Signup" owner="ResourceBDD">
<kw name="clicar botao" owner="ResourceBDD">
<kw name="Click Element" owner="SeleniumLibrary">
<msg time="2024-07-28T16:27:24.822373" level="INFO">Clicking element 'xpath=./html/body/section/div/div/div[3]/div/form/button'.</msg>
<arg>${BOTAO_SIGNUP}</arg>
<doc>Click the element identified by ``locator``.</doc>
<status status="PASS" start="2024-07-28T16:27:24.822199" elapsed="1.530140"/>
</kw>
<kw name="Sleep" owner="BuiltIn">
<msg time="2024-07-28T16:27:28.353375" level="INFO">Slept 2 seconds.</msg>
<arg>2s</arg>
<doc>Pauses the test executed for the given time.</doc>
<status status="PASS" start="2024-07-28T16:27:26.352790" elapsed="2.000812"/>
</kw>
<status status="PASS" start="2024-07-28T16:27:24.822087" elapsed="3.531764"/>
</kw>
<status status="PASS" start="2024-07-28T16:27:24.821976" elapsed="3.531967"/>
</kw>
<arg>${keyword}</arg>
<doc>Executes the given keyword with the given arguments.</doc>
<status status="PASS" start="2024-07-28T16:27:24.821786" elapsed="3.532204"/>
</kw>
<status status="PASS" start="2024-07-28T16:27:24.821519" elapsed="3.532526"/>
</kw>
<kw name="Então sera Exibida a Tela de Cadastro com titulo &quot;ENTER ACCOUNT INFORMATION&quot;" owner="BDDpt-br" source_name="Então ${keyword}">
<kw name="Run Keyword" owner="BuiltIn">
<kw name="sera Exibida a Tela de Cadastro com titulo &quot;ENTER ACCOUNT INFORMATION&quot;" owner="ResourceBDD" source_name="sera Exibida a Tela de Cadastro com titulo &quot;${TITULO}&quot;">
<kw name="validar titulo &quot;${TITULO}&quot;" owner="ResourceBDD" source_name="validar titulo &quot;${TITULO}&quot;">
<kw name="Wait Until Element Is Visible" owner="SeleniumLibrary">
<arg>${TITULO_PAGE}</arg>
<doc>Waits until the element ``locator`` is visible.</doc>
<status status="PASS" start="2024-07-28T16:27:28.356446" elapsed="0.041178"/>
</kw>
<kw name="Element Text Should Be" owner="SeleniumLibrary">
<msg time="2024-07-28T16:27:28.398539" level="INFO">Verifying element 'xpath=./html/body/section/div/div/div/div[1]/h2/b' contains exact text 'ENTER ACCOUNT INFORMATION'.</msg>
<arg>${TITULO_PAGE}</arg>
<arg>${TITULO}</arg>
<doc>Verifies that element ``locator`` contains exact the text ``expected``.</doc>
<status status="PASS" start="2024-07-28T16:27:28.398054" elapsed="0.033546"/>
</kw>
<status status="PASS" start="2024-07-28T16:27:28.356138" elapsed="0.075676"/>
</kw>
<status status="PASS" start="2024-07-28T16:27:28.355563" elapsed="0.076318"/>
</kw>
<arg>${keyword}</arg>
<doc>Executes the given keyword with the given arguments.</doc>
<status status="PASS" start="2024-07-28T16:27:28.355055" elapsed="0.076875"/>
</kw>
<status status="PASS" start="2024-07-28T16:27:28.354499" elapsed="0.077491"/>
</kw>
<status status="PASS" start="2024-07-28T16:27:13.739598" elapsed="14.692762"/>
</test>
<test id="s1-t2" name="Cenário 06: Validar Campos Obrigatorios" line="14">
<kw name="Dado que os campos obrigatorios nao estejam preenchidos" owner="BDDpt-br" source_name="Dado ${keyword}">
<kw name="Run Keyword" owner="BuiltIn">
<kw name="que os campos obrigatorios nao estejam preenchidos" owner="ResourceBDD">
<kw name="campos obrigatorio nao preenchidos" owner="ResourceBDD">
<kw name="Scroll Element Into View" owner="SeleniumLibrary">
<arg>xpath=./html/body/section/div/div/div/div[1]/form/button</arg>
<doc>Scrolls the element identified by ``locator`` into view.</doc>
<status status="PASS" start="2024-07-28T16:27:28.435268" elapsed="0.320080"/>
</kw>
<kw name="Click Element" owner="SeleniumLibrary">
<msg time="2024-07-28T16:27:28.756211" level="INFO">Clicking element 'name=mobile_number'.</msg>
<arg>${INPUT_MOBILENUMBER}</arg>
<doc>Click the element identified by ``locator``.</doc>
<status status="PASS" start="2024-07-28T16:27:28.755771" elapsed="0.087010"/>
</kw>
<kw name="Sleep" owner="BuiltIn">
<msg time="2024-07-28T16:27:36.844316" level="INFO">Slept 8 seconds.</msg>
<arg>8s</arg>
<doc>Pauses the test executed for the given time.</doc>
<status status="PASS" start="2024-07-28T16:27:28.843243" elapsed="8.001192"/>
</kw>
<status status="PASS" start="2024-07-28T16:27:28.435037" elapsed="8.409503"/>
</kw>
<status status="PASS" start="2024-07-28T16:27:28.434717" elapsed="8.409859"/>
</kw>
<arg>${keyword}</arg>
<doc>Executes the given keyword with the given arguments.</doc>
<status status="PASS" start="2024-07-28T16:27:28.434367" elapsed="8.410235"/>
</kw>
<status status="PASS" start="2024-07-28T16:27:28.433655" elapsed="8.410979"/>
</kw>
<kw name="Quando clicar no botão Create Account" owner="BDDpt-br" source_name="Quando ${keyword}">
<kw name="Run Keyword" owner="BuiltIn">
<kw name="clicar no botão Create Account" owner="ResourceBDD">
<kw name="cadastrar conta" owner="ResourceBDD">
<kw name="Sleep" owner="BuiltIn">
<msg time="2024-07-28T16:27:38.845847" level="INFO">Slept 2 seconds.</msg>
<arg>2s</arg>
<doc>Pauses the test executed for the given time.</doc>
<status status="PASS" start="2024-07-28T16:27:36.845528" elapsed="2.000488"/>
</kw>
<kw name="Click Element" owner="SeleniumLibrary">
<msg time="2024-07-28T16:27:38.847028" level="INFO">Clicking element 'xpath=.//button[contains(@data-qa,'create-account')]'.</msg>
<arg>${BOTAO_CREATE_ACOUNT}</arg>
<doc>Click the element identified by ``locator``.</doc>
<status status="PASS" start="2024-07-28T16:27:38.846506" elapsed="0.074125"/>
</kw>
<status status="PASS" start="2024-07-28T16:27:36.845429" elapsed="2.075565"/>
</kw>
<status status="PASS" start="2024-07-28T16:27:36.845309" elapsed="2.075826"/>
</kw>
<arg>${keyword}</arg>
<doc>Executes the given keyword with the given arguments.</doc>
<status status="PASS" start="2024-07-28T16:27:36.845119" elapsed="2.076073"/>
</kw>
<status status="PASS" start="2024-07-28T16:27:36.844878" elapsed="2.076437"/>
</kw>
<kw name="Então o cadastro nao sera realizados e sera exibida mensagem &quot;Preencha esse campo.&quot;" owner="BDDpt-br" source_name="Então ${keyword}">
<kw name="Run Keyword" owner="BuiltIn">
<kw name="o cadastro nao sera realizados e sera exibida mensagem &quot;Preencha esse campo.&quot;" owner="ResourceBDD" source_name="o cadastro nao sera realizados e sera exibida mensagem &quot;${CAMPOBRIGATORIO}&quot;">
<kw name="Sleep" owner="BuiltIn">
<msg time="2024-07-28T16:27:40.924584" level="INFO">Slept 2 seconds.</msg>
<arg>2s</arg>
<doc>Pauses the test executed for the given time.</doc>
<status status="PASS" start="2024-07-28T16:27:38.923298" elapsed="2.001517"/>
</kw>
<status status="PASS" start="2024-07-28T16:27:38.922950" elapsed="2.002058"/>
</kw>
<arg>${keyword}</arg>
<doc>Executes the given keyword with the given arguments.</doc>
<status status="PASS" start="2024-07-28T16:27:38.922477" elapsed="2.002591"/>
</kw>
<status status="PASS" start="2024-07-28T16:27:38.921915" elapsed="2.003209"/>
</kw>
<status status="PASS" start="2024-07-28T16:27:28.432950" elapsed="12.492483"/>
</test>
<test id="s1-t3" name="Cenário 02: Validar Data de Aniversario" line="19">
<kw name="Dado que esteja preenchendo os campos de &quot;Date of Birth&quot;" owner="BDDpt-br" source_name="Dado ${keyword}">
<kw name="Run Keyword" owner="BuiltIn">
<kw name="que esteja preenchendo os campos de &quot;Date of Birth&quot;" owner="ResourceBDD" source_name="que esteja preenchendo os campos de &quot;${DATEOFBIRTH}&quot;">
<kw name="validar date of birt ${DATEOFBIRTH}" owner="ResourceBDD" source_name="validar date of birt ${DATEOFBIRTH}">
<kw name="Element Text Should Be" owner="SeleniumLibrary">
<msg time="2024-07-28T16:27:40.928150" level="INFO">Verifying element 'xpath=./html/body/section/div/div/div/div[1]/form/div[5]/label' contains exact text 'Date of Birth'.</msg>
<arg>${TITULODATE}</arg>
<arg>${DATEOFBIRTH}</arg>
<doc>Verifies that element ``locator`` contains exact the text ``expected``.</doc>
<status status="PASS" start="2024-07-28T16:27:40.927787" elapsed="0.034092"/>
</kw>
<status status="PASS" start="2024-07-28T16:27:40.927569" elapsed="0.034590"/>
</kw>
<status status="PASS" start="2024-07-28T16:27:40.927329" elapsed="0.034899"/>
</kw>
<arg>${keyword}</arg>
<doc>Executes the given keyword with the given arguments.</doc>
<status status="PASS" start="2024-07-28T16:27:40.926966" elapsed="0.035306"/>
</kw>
<status status="PASS" start="2024-07-28T16:27:40.926530" elapsed="0.035793"/>
</kw>
<kw name="Quando preencher os campos Day, Month e Year" owner="BDDpt-br" source_name="Quando ${keyword}">
<kw name="Run Keyword" owner="BuiltIn">
<kw name="preencher os campos Day, Month e Year" owner="ResourceBDD">
<kw name="preencher os campos de data" owner="ResourceBDD">
<kw name="Day Of Month" owner="FakerLibrary">
<msg time="2024-07-28T16:27:40.965420" level="INFO">${DATAFAKE} = 22</msg>
<var>${DATAFAKE}</var>
<status status="PASS" start="2024-07-28T16:27:40.965064" elapsed="0.000390"/>
</kw>
<kw name="Log To Console" owner="BuiltIn">
<arg>This is a day: ${DATAFAKE}</arg>
<doc>Logs the given message to the console.</doc>
<status status="PASS" start="2024-07-28T16:27:40.965581" elapsed="0.000260"/>
</kw>
<kw name="Select From List By Value" owner="SeleniumLibrary">
<msg time="2024-07-28T16:27:40.966245" level="INFO">Selecting options from selection list 'name=days' by value 22.</msg>
<arg>${DAYS}</arg>
<arg>${DATAFAKE}</arg>
<doc>Selects options from selection list ``locator`` by ``values``.</doc>
<status status="PASS" start="2024-07-28T16:27:40.965959" elapsed="0.140317"/>
</kw>
<kw name="Evaluate" owner="BuiltIn">
<msg time="2024-07-28T16:27:41.107369" level="INFO">${ran int month} = 11</msg>
<var>${ran int month}</var>
<arg>random.randint(0, 12)</arg>
<arg>random</arg>
<doc>Evaluates the given expression in Python and returns the result.</doc>
<status status="PASS" start="2024-07-28T16:27:41.106732" elapsed="0.000674"/>
</kw>
<kw name="Log To Console" owner="BuiltIn">
<arg>This is a month: ${ran int month}</arg>
<doc>Logs the given message to the console.</doc>
<status status="PASS" start="2024-07-28T16:27:41.107579" elapsed="0.000293"/>
</kw>
<kw name="Select From List By Value" owner="SeleniumLibrary">
<msg time="2024-07-28T16:27:41.108328" level="INFO">Selecting options from selection list 'name=months' by value 11.</msg>
<arg>${MONTH}</arg>
<arg>${ran int month}</arg>
<doc>Selects options from selection list ``locator`` by ``values``.</doc>
<status status="PASS" start="2024-07-28T16:27:41.108016" elapsed="0.126400"/>
</kw>
<kw name="Evaluate" owner="BuiltIn">
<msg time="2024-07-28T16:27:41.235383" level="INFO">${ran int year} = 1995</msg>
<var>${ran int year}</var>
<arg>random.randint(1900, 2021)</arg>
<arg>random</arg>
<doc>Evaluates the given expression in Python and returns the result.</doc>
<status status="PASS" start="2024-07-28T16:27:41.234837" elapsed="0.000583"/>
</kw>
<kw name="Convert To Integer" owner="BuiltIn">
<msg time="2024-07-28T16:27:41.235852" level="INFO">${ran int year} = 1995</msg>
<var>${ran int year}</var>
<arg>${ran int year}</arg>
<doc>Converts the given item to an integer number.</doc>
<status status="PASS" start="2024-07-28T16:27:41.235596" elapsed="0.000283"/>
</kw>
<kw name="Log To Console" owner="BuiltIn">
<arg>This is a year: ${ran int year}</arg>
<doc>Logs the given message to the console.</doc>
<status status="PASS" start="2024-07-28T16:27:41.236014" elapsed="0.000366"/>
</kw>
<kw name="Select From List By Value" owner="SeleniumLibrary">
<msg time="2024-07-28T16:27:41.236793" level="INFO">Selecting options from selection list 'name=years' by value 1995.</msg>
<arg>${YEARS}</arg>
<arg>${ran int year}</arg>
<doc>Selects options from selection list ``locator`` by ``values``.</doc>
<status status="PASS" start="2024-07-28T16:27:41.236529" elapsed="0.124921"/>
</kw>
<status status="PASS" start="2024-07-28T16:27:40.964785" elapsed="0.396894"/>
</kw>
<status status="PASS" start="2024-07-28T16:27:40.963967" elapsed="0.397800"/>
</kw>
<arg>${keyword}</arg>
<doc>Executes the given keyword with the given arguments.</doc>
<status status="PASS" start="2024-07-28T16:27:40.963428" elapsed="0.398391"/>
</kw>
<status status="PASS" start="2024-07-28T16:27:40.962848" elapsed="0.399101"/>
</kw>
<status status="PASS" start="2024-07-28T16:27:40.925878" elapsed="0.436380"/>
</test>
<test id="s1-t4" name="Cenário 03: Validar Password" line="24">
<kw name="Dado que esteja preenchendo o campo &quot;Password *&quot;" owner="BDDpt-br" source_name="Dado ${keyword}">
<kw name="Run Keyword" owner="BuiltIn">
<kw name="que esteja preenchendo o campo &quot;Password *&quot;" owner="ResourceBDD" source_name="que esteja preenchendo o campo &quot;${PASSWORD}&quot;">
<kw name="validar campo password ${PASSWORD}" owner="ResourceBDD" source_name="validar campo password ${PASSWORD}">
<kw name="Element Text Should Be" owner="SeleniumLibrary">
<msg time="2024-07-28T16:27:41.364700" level="INFO">Verifying element 'xpath=./html/body/section/div/div/div/div[1]/form/div[4]/label' contains exact text 'Password *'.</msg>
<arg>${TITULOPASSWORD}</arg>
<arg>${PASSWORD}</arg>
<doc>Verifies that element ``locator`` contains exact the text ``expected``.</doc>
<status status="PASS" start="2024-07-28T16:27:41.364409" elapsed="0.041677"/>
</kw>
<status status="PASS" start="2024-07-28T16:27:41.364180" elapsed="0.042129"/>
</kw>
<status status="PASS" start="2024-07-28T16:27:41.363946" elapsed="0.042435"/>
</kw>
<arg>${keyword}</arg>
<doc>Executes the given keyword with the given arguments.</doc>
<status status="PASS" start="2024-07-28T16:27:41.363585" elapsed="0.042847"/>
</kw>
<status status="PASS" start="2024-07-28T16:27:41.363187" elapsed="0.043314"/>
</kw>
<kw name="Quando preencher o campo password com dados alfanumericos" owner="BDDpt-br" source_name="Quando ${keyword}">
<kw name="Run Keyword" owner="BuiltIn">
<kw name="preencher o campo password com dados alfanumericos" owner="ResourceBDD">
<kw name="preencher password" owner="ResourceBDD">
<kw name="Password" owner="FakerLibrary">
<msg time="2024-07-28T16:27:41.408919" level="INFO">${PASSWORDFAKE} = )(44R3Ws%8</msg>
<var>${PASSWORDFAKE}</var>
<doc>Generate a random password of the specified ``length``.</doc>
<status status="PASS" start="2024-07-28T16:27:41.408597" elapsed="0.000355"/>
</kw>
<kw name="Click Element" owner="SeleniumLibrary">
<msg time="2024-07-28T16:27:41.409583" level="INFO">Clicking element 'name=password'.</msg>
<arg>${INPUTPASSWORD}</arg>
<doc>Click the element identified by ``locator``.</doc>
<status status="PASS" start="2024-07-28T16:27:41.409216" elapsed="0.070700"/>
</kw>
<kw name="Sleep" owner="BuiltIn">
<msg time="2024-07-28T16:27:43.481974" level="INFO">Slept 2 seconds.</msg>
<arg>2s</arg>
<doc>Pauses the test executed for the given time.</doc>
<status status="PASS" start="2024-07-28T16:27:41.480321" elapsed="2.001787"/>
</kw>
<kw name="Input Text" owner="SeleniumLibrary">
<msg time="2024-07-28T16:27:43.482601" level="INFO">Typing text ')(44R3Ws%8' into text field 'name=password'.</msg>
<arg>${INPUTPASSWORD}</arg>
<arg>${PASSWORDFAKE}</arg>
<doc>Types the given ``text`` into the text field identified by ``locator``.</doc>
<status status="PASS" start="2024-07-28T16:27:43.482346" elapsed="0.045703"/>
</kw>
<kw name="Log To Console" owner="BuiltIn">
<arg>his is a password: ${PASSWORDFAKE}</arg>
<doc>Logs the given message to the console.</doc>
<status status="PASS" start="2024-07-28T16:27:43.528282" elapsed="0.000225"/>
</kw>
<kw name="Sleep" owner="BuiltIn">
<msg time="2024-07-28T16:27:45.529744" level="INFO">Slept 2 seconds.</msg>
<arg>2s</arg>
<doc>Pauses the test executed for the given time.</doc>
<status status="PASS" start="2024-07-28T16:27:43.528593" elapsed="2.001506"/>
</kw>
<status status="PASS" start="2024-07-28T16:27:41.408342" elapsed="4.122007"/>
</kw>
<status status="PASS" start="2024-07-28T16:27:41.407955" elapsed="4.122494"/>
</kw>
<arg>${keyword}</arg>
<doc>Executes the given keyword with the given arguments.</doc>
<status status="PASS" start="2024-07-28T16:27:41.407472" elapsed="4.123070"/>
</kw>
<status status="PASS" start="2024-07-28T16:27:41.406941" elapsed="4.123703"/>
</kw>
<status status="PASS" start="2024-07-28T16:27:41.362578" elapsed="4.168380"/>
</test>
<test id="s1-t5" name="Cenário 04: Validar Address Information" line="29">
<kw name="Dado que esteja preenchendo os campos de address information &quot;ADDRESS INFORMATION&quot;" owner="BDDpt-br" source_name="Dado ${keyword}">
<kw name="Run Keyword" owner="BuiltIn">
<kw name="que esteja preenchendo os campos de address information &quot;ADDRESS INFORMATION&quot;" owner="ResourceBDD" source_name="que esteja preenchendo os campos de address information &quot;${ADDRESS}&quot;">
<kw name="validar campo address ${ADDRESS}" owner="ResourceBDD" source_name="validar campo address ${ADDRESS}">
<kw name="Scroll Element Into View" owner="SeleniumLibrary">
<arg>xpath=./html/body/section/div/div/div/div[1]/form/p[6]/label</arg>
<doc>Scrolls the element identified by ``locator`` into view.</doc>
<status status="PASS" start="2024-07-28T16:27:45.533872" elapsed="0.317186"/>
</kw>
<kw name="Element Text Should Be" owner="SeleniumLibrary">
<msg time="2024-07-28T16:27:45.851959" level="INFO">Verifying element 'xpath=./html/body/section/div/div/div/div[1]/form/h2/b' contains exact text 'ADDRESS INFORMATION'.</msg>
<arg>${TITULOADDRESS}</arg>
<arg>${ADDRESS}</arg>
<doc>Verifies that element ``locator`` contains exact the text ``expected``.</doc>
<status status="PASS" start="2024-07-28T16:27:45.851480" elapsed="0.027696"/>
</kw>
<status status="PASS" start="2024-07-28T16:27:45.533247" elapsed="0.346171"/>
</kw>
<status status="PASS" start="2024-07-28T16:27:45.533007" elapsed="0.346487"/>
</kw>
<arg>${keyword}</arg>
<doc>Executes the given keyword with the given arguments.</doc>
<status status="PASS" start="2024-07-28T16:27:45.532649" elapsed="0.346900"/>
</kw>
<status status="PASS" start="2024-07-28T16:27:45.532230" elapsed="0.347383"/>
</kw>
<kw name="Quando preencher o campo First name" owner="BDDpt-br" source_name="Quando ${keyword}">
<kw name="Run Keyword" owner="BuiltIn">
<kw name="preencher o campo First name" owner="ResourceBDD">
<kw name="preencher first name" owner="ResourceBDD">
<kw name="Sleep" owner="BuiltIn">
<msg time="2024-07-28T16:27:47.882665" level="INFO">Slept 2 seconds.</msg>
<arg>2s</arg>
<doc>Pauses the test executed for the given time.</doc>
<status status="PASS" start="2024-07-28T16:27:45.881746" elapsed="2.001044"/>
</kw>
<kw name="First Name" owner="FakerLibrary">
<msg time="2024-07-28T16:27:47.883183" level="INFO">${FIRSTNAMEFAKE} = Mariah</msg>
<var>${FIRSTNAMEFAKE}</var>
<status status="PASS" start="2024-07-28T16:27:47.882985" elapsed="0.000215"/>
</kw>
<kw name="Click Element" owner="SeleniumLibrary">
<msg time="2024-07-28T16:27:47.883462" level="INFO">Clicking element 'xpath=./html/body/section/div/div/div/div[1]/form/p[1]/input'.</msg>
<arg>${INPUT_FIRST_NAME}</arg>
<doc>Click the element identified by ``locator``.</doc>
<status status="PASS" start="2024-07-28T16:27:47.883302" elapsed="0.038552"/>
</kw>
<kw name="Sleep" owner="BuiltIn">
<msg time="2024-07-28T16:27:49.923180" level="INFO">Slept 2 seconds.</msg>
<arg>2s</arg>
<doc>Pauses the test executed for the given time.</doc>
<status status="PASS" start="2024-07-28T16:27:47.922061" elapsed="2.001255"/>
</kw>
<kw name="Input Text" owner="SeleniumLibrary">
<msg time="2024-07-28T16:27:49.923839" level="INFO">Typing text 'Mariah' into text field 'xpath=./html/body/section/div/div/div/div[1]/form/p[1]/input'.</msg>
<arg>${INPUT_FIRST_NAME}</arg>
<arg>${FIRSTNAMEFAKE}</arg>
<doc>Types the given ``text`` into the text field identified by ``locator``.</doc>
<status status="PASS" start="2024-07-28T16:27:49.923554" elapsed="0.058893"/>
</kw>
<kw name="Log To Console" owner="BuiltIn">
<arg>his is a first name: ${FIRSTNAMEFAKE}</arg>
<doc>Logs the given message to the console.</doc>
<status status="PASS" start="2024-07-28T16:27:49.982698" elapsed="0.000252"/>
</kw>
<status status="PASS" start="2024-07-28T16:27:45.881547" elapsed="4.101483"/>
</kw>
<status status="PASS" start="2024-07-28T16:27:45.881272" elapsed="4.101812"/>
</kw>
<arg>${keyword}</arg>
<doc>Executes the given keyword with the given arguments.</doc>
<status status="PASS" start="2024-07-28T16:27:45.880854" elapsed="4.102265"/>
</kw>
<status status="PASS" start="2024-07-28T16:27:45.880150" elapsed="4.103008"/>
</kw>
<kw name="E preencher o campo Last name" owner="BDDpt-br" source_name="E ${keyword}">
<kw name="Run Keyword" owner="BuiltIn">
<kw name="preencher o campo Last name" owner="ResourceBDD">
<kw name="preencher last name" owner="ResourceBDD">
<kw name="Last Name" owner="FakerLibrary">
<msg time="2024-07-28T16:27:49.984237" level="INFO">${LASTNAMEFAKE} = Azevedo</msg>
<var>${LASTNAMEFAKE}</var>
<status status="PASS" start="2024-07-28T16:27:49.984104" elapsed="0.000156"/>
</kw>
<kw name="Click Element" owner="SeleniumLibrary">
<msg time="2024-07-28T16:27:49.984514" level="INFO">Clicking element 'name=last_name'.</msg>
<arg>${INPUT_LAST_NAME}</arg>
<doc>Click the element identified by ``locator``.</doc>
<status status="PASS" start="2024-07-28T16:27:49.984355" elapsed="0.060421"/>
</kw>
<kw name="Sleep" owner="BuiltIn">
<msg time="2024-07-28T16:27:52.046410" level="INFO">Slept 2 seconds.</msg>
<arg>2s</arg>
<doc>Pauses the test executed for the given time.</doc>
<status status="PASS" start="2024-07-28T16:27:50.045020" elapsed="2.001531"/>
</kw>
<kw name="Input Text" owner="SeleniumLibrary">
<msg time="2024-07-28T16:27:52.047078" level="INFO">Typing text 'Azevedo' into text field 'name=last_name'.</msg>
<arg>${INPUT_LAST_NAME}</arg>
<arg>${LASTNAMEFAKE}</arg>
<doc>Types the given ``text`` into the text field identified by ``locator``.</doc>
<status status="PASS" start="2024-07-28T16:27:52.046790" elapsed="0.052789"/>
</kw>
<kw name="Log To Console" owner="BuiltIn">
<arg>his is a last name: ${LASTNAMEFAKE}</arg>
<doc>Logs the given message to the console.</doc>
<status status="PASS" start="2024-07-28T16:27:52.099823" elapsed="0.000294"/>
</kw>
<status status="PASS" start="2024-07-28T16:27:49.983963" elapsed="2.116288"/>
</kw>
<status status="PASS" start="2024-07-28T16:27:49.983792" elapsed="2.116521"/>
</kw>
<arg>${keyword}</arg>
<doc>Executes the given keyword with the given arguments.</doc>
<status status="PASS" start="2024-07-28T16:27:49.983565" elapsed="2.116785"/>
</kw>
<status status="PASS" start="2024-07-28T16:27:49.983337" elapsed="2.117091"/>
</kw>
<kw name="E preencher o campo Company" owner="BDDpt-br" source_name="E ${keyword}">
<kw name="Run Keyword" owner="BuiltIn">
<kw name="preencher o campo Company" owner="ResourceBDD">
<kw name="preencher company" owner="ResourceBDD">
<kw name="Sleep" owner="BuiltIn">
<msg time="2024-07-28T16:27:54.103752" level="INFO">Slept 2 seconds.</msg>
<arg>2s</arg>
<doc>Pauses the test executed for the given time.</doc>
<status status="PASS" start="2024-07-28T16:27:52.101667" elapsed="2.002228"/>
</kw>
<kw name="Job" owner="FakerLibrary">
<msg time="2024-07-28T16:27:54.104368" level="INFO">${COMPANYFAKE} = Ourives</msg>
<var>${COMPANYFAKE}</var>
<status status="PASS" start="2024-07-28T16:27:54.104120" elapsed="0.000271"/>
</kw>
<kw name="Click Element" owner="SeleniumLibrary">
<msg time="2024-07-28T16:27:54.104721" level="INFO">Clicking element 'name=company'.</msg>
<arg>${INPUT_COMPANY}</arg>
<doc>Click the element identified by ``locator``.</doc>
<status status="PASS" start="2024-07-28T16:27:54.104525" elapsed="0.043406"/>
</kw>
<kw name="Sleep" owner="BuiltIn">
<msg time="2024-07-28T16:27:56.149395" level="INFO">Slept 2 seconds.</msg>
<arg>2s</arg>
<doc>Pauses the test executed for the given time.</doc>
<status status="PASS" start="2024-07-28T16:27:54.148197" elapsed="2.001304"/>
</kw>
<kw name="Input Text" owner="SeleniumLibrary">
<msg time="2024-07-28T16:27:56.149904" level="INFO">Typing text 'Ourives' into text field 'name=company'.</msg>
<arg>${INPUT_COMPANY}</arg>
<arg>${COMPANYFAKE}</arg>
<doc>Types the given ``text`` into the text field identified by ``locator``.</doc>
<status status="PASS" start="2024-07-28T16:27:56.149682" elapsed="0.045284"/>
</kw>
<kw name="Log To Console" owner="BuiltIn">
<arg>his is a company name: ${COMPANYFAKE}</arg>
<doc>Logs the given message to the console.</doc>
<status status="PASS" start="2024-07-28T16:27:56.195194" elapsed="0.000236"/>
</kw>
<status status="PASS" start="2024-07-28T16:27:52.101500" elapsed="4.093990"/>
</kw>
<status status="PASS" start="2024-07-28T16:27:52.101306" elapsed="4.094221"/>
</kw>
<arg>${keyword}</arg>
<doc>Executes the given keyword with the given arguments.</doc>
<status status="PASS" start="2024-07-28T16:27:52.101028" elapsed="4.094526"/>
</kw>
<status status="PASS" start="2024-07-28T16:27:52.100681" elapsed="4.094907"/>
</kw>
<kw name="E preencher o campo Address" owner="BDDpt-br" source_name="E ${keyword}">
<kw name="Run Keyword" owner="BuiltIn">
<kw name="preencher o campo Address" owner="ResourceBDD">
<kw name="preencher address" owner="ResourceBDD">
<kw name="Sleep" owner="BuiltIn">
<msg time="2024-07-28T16:27:58.199096" level="INFO">Slept 2 seconds.</msg>
<arg>2s</arg>
<doc>Pauses the test executed for the given time.</doc>
<status status="PASS" start="2024-07-28T16:27:56.196420" elapsed="2.002829"/>
</kw>
<kw name="Scroll Element Into View" owner="SeleniumLibrary">
<arg>xpath=./html/body/section/div/div/div/div[1]/form/p[10]/label</arg>
<doc>Scrolls the element identified by ``locator`` into view.</doc>
<status status="PASS" start="2024-07-28T16:27:58.199506" elapsed="0.304536"/>
</kw>
<kw name="Address" owner="FakerLibrary">
<msg time="2024-07-28T16:27:58.504712" level="INFO">${ADDRESSFAKE} = Conjunto de Rodrigues, 48
Piraja
95595-228 Abreu das Flores / DF</msg>
<var>${ADDRESSFAKE}</var>
<doc>:example: '791 Crist Parks, Sashabury, IL 86039-9874'</doc>
<status status="PASS" start="2024-07-28T16:27:58.504323" elapsed="0.000422"/>
</kw>
<kw name="Click Element" owner="SeleniumLibrary">
<msg time="2024-07-28T16:27:58.505116" level="INFO">Clicking element 'name=address1'.</msg>
<arg>${INPUT_ADDRESS}</arg>
<doc>Click the element identified by ``locator``.</doc>
<status status="PASS" start="2024-07-28T16:27:58.504896" elapsed="0.052145"/>
</kw>
<kw name="Sleep" owner="BuiltIn">
<msg time="2024-07-28T16:28:00.558786" level="INFO">Slept 2 seconds.</msg>
<arg>2s</arg>
<doc>Pauses the test executed for the given time.</doc>
<status status="PASS" start="2024-07-28T16:27:58.557305" elapsed="2.001604"/>
</kw>
<kw name="Input Text" owner="SeleniumLibrary">
<msg time="2024-07-28T16:28:00.559369" level="INFO">Typing text 'Conjunto de Rodrigues, 48
Piraja
95595-228 Abreu das Flores / DF' into text field 'name=address1'.</msg>
<arg>${INPUT_ADDRESS}</arg>
<arg>${ADDRESSFAKE}</arg>
<doc>Types the given ``text`` into the text field identified by ``locator``.</doc>
<status status="PASS" start="2024-07-28T16:28:00.559128" elapsed="0.068474"/>
</kw>
<kw name="Log To Console" owner="BuiltIn">
<arg>his is a address name: ${ADDRESSFAKE}</arg>
<doc>Logs the given message to the console.</doc>
<status status="PASS" start="2024-07-28T16:28:00.627827" elapsed="0.000231"/>
</kw>
<status status="PASS" start="2024-07-28T16:27:56.196301" elapsed="4.431821"/>
</kw>
<status status="PASS" start="2024-07-28T16:27:56.196144" elapsed="4.432016"/>
</kw>
<arg>${keyword}</arg>
<doc>Executes the given keyword with the given arguments.</doc>
<status status="PASS" start="2024-07-28T16:27:56.195947" elapsed="4.432240"/>
</kw>
<status status="PASS" start="2024-07-28T16:27:56.195747" elapsed="4.432476"/>
</kw>
<kw name="E preencher o campo State" owner="BDDpt-br" source_name="E ${keyword}">
<kw name="Run Keyword" owner="BuiltIn">
<kw name="preencher o campo State" owner="ResourceBDD">
<kw name="preencher state" owner="ResourceBDD">
<kw name="Sleep" owner="BuiltIn">
<msg time="2024-07-28T16:28:02.629638" level="INFO">Slept 2 seconds.</msg>
<arg>2s</arg>
<doc>Pauses the test executed for the given time.</doc>
<status status="PASS" start="2024-07-28T16:28:00.629136" elapsed="2.000667"/>
</kw>
<kw name="Scroll Element Into View" owner="SeleniumLibrary">
<arg>xpath=./html/body/section/div/div/div/div[1]/form/button</arg>
<doc>Scrolls the element identified by ``locator`` into view.</doc>
<status status="PASS" start="2024-07-28T16:28:02.630162" elapsed="0.289921"/>
</kw>
<kw name="Click Element" owner="SeleniumLibrary">
<msg time="2024-07-28T16:28:02.920653" level="INFO">Clicking element 'name=state'.</msg>
<arg>${INPUT_STATE}</arg>
<doc>Click the element identified by ``locator``.</doc>
<status status="PASS" start="2024-07-28T16:28:02.920363" elapsed="0.052987"/>
</kw>
<kw name="Sleep" owner="BuiltIn">
<msg time="2024-07-28T16:28:04.974894" level="INFO">Slept 2 seconds.</msg>
<arg>2s</arg>
<doc>Pauses the test executed for the given time.</doc>
<status status="PASS" start="2024-07-28T16:28:02.973617" elapsed="2.001417"/>
</kw>
<kw name="Input Text" owner="SeleniumLibrary">
<msg time="2024-07-28T16:28:04.975542" level="INFO">Typing text 'SP' into text field 'name=state'.</msg>
<arg>${INPUT_STATE}</arg>
<arg>${STATEFAKE}</arg>
<doc>Types the given ``text`` into the text field identified by ``locator``.</doc>
<status status="PASS" start="2024-07-28T16:28:04.975272" elapsed="0.064067"/>
</kw>
<kw name="Log To Console" owner="BuiltIn">
<arg>his is a state name: ${STATEFAKE}</arg>
<doc>Logs the given message to the console.</doc>
<status status="PASS" start="2024-07-28T16:28:05.039599" elapsed="0.000271"/>
</kw>
<status status="PASS" start="2024-07-28T16:28:00.629018" elapsed="4.410927"/>
</kw>
<status status="PASS" start="2024-07-28T16:28:00.628870" elapsed="4.411124"/>
</kw>
<arg>${keyword}</arg>
<doc>Executes the given keyword with the given arguments.</doc>
<status status="PASS" start="2024-07-28T16:28:00.628674" elapsed="4.411356"/>
</kw>
<status status="PASS" start="2024-07-28T16:28:00.628470" elapsed="4.411609"/>
</kw>
<kw name="E preencher o campo City" owner="BDDpt-br" source_name="E ${keyword}">
<kw name="Run Keyword" owner="BuiltIn">
<kw name="preencher o campo City" owner="ResourceBDD">
<kw name="preencher city" owner="ResourceBDD">
<kw name="Sleep" owner="BuiltIn">
<msg time="2024-07-28T16:28:07.042156" level="INFO">Slept 2 seconds.</msg>
<arg>2s</arg>
<doc>Pauses the test executed for the given time.</doc>
<status status="PASS" start="2024-07-28T16:28:05.041150" elapsed="2.001190"/>
</kw>
<kw name="Click Element" owner="SeleniumLibrary">
<msg time="2024-07-28T16:28:07.043137" level="INFO">Clicking element 'name=city'.</msg>
<arg>${INPUT_CITY}</arg>
<doc>Click the element identified by ``locator``.</doc>
<status status="PASS" start="2024-07-28T16:28:07.042822" elapsed="0.059413"/>
</kw>
<kw name="Sleep" owner="BuiltIn">
<msg time="2024-07-28T16:28:09.103294" level="INFO">Slept 2 seconds.</msg>
<arg>2s</arg>
<doc>Pauses the test executed for the given time.</doc>
<status status="PASS" start="2024-07-28T16:28:07.102762" elapsed="2.000653"/>
</kw>
<kw name="Input Text" owner="SeleniumLibrary">
<msg time="2024-07-28T16:28:09.103809" level="INFO">Typing text 'São Paulo' into text field 'name=city'.</msg>
<arg>${INPUT_CITY}</arg>
<arg>${CITYFAKE}</arg>
<doc>Types the given ``text`` into the text field identified by ``locator``.</doc>
<status status="PASS" start="2024-07-28T16:28:09.103598" elapsed="0.047689"/>
</kw>
<kw name="Log To Console" owner="BuiltIn">
<arg>his is a city name: ${CITYFAKE}</arg>
<doc>Logs the given message to the console.</doc>
<status status="PASS" start="2024-07-28T16:28:09.151478" elapsed="0.000181"/>
</kw>
<status status="PASS" start="2024-07-28T16:28:05.041000" elapsed="4.110705"/>
</kw>
<status status="PASS" start="2024-07-28T16:28:05.040800" elapsed="4.110934"/>
</kw>
<arg>${keyword}</arg>
<doc>Executes the given keyword with the given arguments.</doc>
<status status="PASS" start="2024-07-28T16:28:05.040555" elapsed="4.111198"/>
</kw>
<status status="PASS" start="2024-07-28T16:28:05.040276" elapsed="4.111501"/>
</kw>
<kw name="E preencher o campo Zipcode" owner="BDDpt-br" source_name="E ${keyword}">
<kw name="Run Keyword" owner="BuiltIn">
<kw name="preencher o campo Zipcode" owner="ResourceBDD">
<kw name="preencher zipcode" owner="ResourceBDD">
<kw name="Sleep" owner="BuiltIn">
<msg time="2024-07-28T16:28:11.153677" level="INFO">Slept 2 seconds.</msg>
<arg>2s</arg>
<doc>Pauses the test executed for the given time.</doc>
<status status="PASS" start="2024-07-28T16:28:09.152370" elapsed="2.001538"/>
</kw>
<kw name="Postcode" owner="FakerLibrary">
<msg time="2024-07-28T16:28:11.155067" level="INFO">${ZIPCODEFAKE} = 36720-832</msg>
<var>${ZIPCODEFAKE}</var>
<doc>Randomly returns a postcode.
:param formatted: True to allow formatted postcodes, else False (default True)
:example formatted: '41224-212' '83992-291' '12324322'
:example raw: '43920231' '34239530'</doc>
<status status="PASS" start="2024-07-28T16:28:11.154537" elapsed="0.000629"/>
</kw>
<kw name="Click Element" owner="SeleniumLibrary">
<msg time="2024-07-28T16:28:11.155852" level="INFO">Clicking element 'name=zipcode'.</msg>
<arg>${INPUT_ZIPCODE}</arg>
<doc>Click the element identified by ``locator``.</doc>
<status status="PASS" start="2024-07-28T16:28:11.155483" elapsed="0.085247"/>
</kw>
<kw name="Sleep" owner="BuiltIn">
<msg time="2024-07-28T16:28:13.241688" level="INFO">Slept 2 seconds.</msg>
<arg>2s</arg>
<doc>Pauses the test executed for the given time.</doc>
<status status="PASS" start="2024-07-28T16:28:11.241155" elapsed="2.000649"/>
</kw>
<kw name="Input Text" owner="SeleniumLibrary">
<msg time="2024-07-28T16:28:13.242202" level="INFO">Typing text '36720-832' into text field 'name=zipcode'.</msg>
<arg>${INPUT_ZIPCODE}</arg>
<arg>${ZIPCODEFAKE}</arg>
<doc>Types the given ``text`` into the text field identified by ``locator``.</doc>
<status status="PASS" start="2024-07-28T16:28:13.241991" elapsed="0.034946"/>
</kw>
<kw name="Log To Console" owner="BuiltIn">
<arg>his is a zipcode name: ${ZIPCODEFAKE}</arg>
<doc>Logs the given message to the console.</doc>
<status status="PASS" start="2024-07-28T16:28:13.277123" elapsed="0.000183"/>
</kw>
<kw name="Press Keys" owner="SeleniumLibrary">
<msg time="2024-07-28T16:28:13.277709" level="INFO">Sending key(s) ('TAB',) to name=zipcode element.</msg>
<msg time="2024-07-28T16:28:13.573692" level="INFO">Pressing special key TAB to element.</msg>
<msg time="2024-07-28T16:28:13.573773" level="INFO">Releasing special key TAB.</msg>
<arg>${INPUT_ZIPCODE}</arg>
<arg>TAB</arg>
<doc>Simulates the user pressing key(s) to an element or on the active browser.</doc>
<status status="PASS" start="2024-07-28T16:28:13.277384" elapsed="0.301311"/>
</kw>
<status status="PASS" start="2024-07-28T16:28:09.152292" elapsed="4.426522"/>
</kw>
<status status="PASS" start="2024-07-28T16:28:09.152186" elapsed="4.426665"/>
</kw>
<arg>${keyword}</arg>
<doc>Executes the given keyword with the given arguments.</doc>
<status status="PASS" start="2024-07-28T16:28:09.152039" elapsed="4.426837"/>
</kw>
<status status="PASS" start="2024-07-28T16:28:09.151895" elapsed="4.427008"/>
</kw>
<kw name="E preencher o campo Mobile Number" owner="BDDpt-br" source_name="E ${keyword}">
<kw name="Run Keyword" owner="BuiltIn">
<kw name="preencher o campo Mobile Number" owner="ResourceBDD">
<kw name="preencher mobile number" owner="ResourceBDD">
<kw name="Sleep" owner="BuiltIn">
<msg time="2024-07-28T16:28:15.580468" level="INFO">Slept 2 seconds.</msg>
<arg>2s</arg>
<doc>Pauses the test executed for the given time.</doc>
<status status="PASS" start="2024-07-28T16:28:13.579918" elapsed="2.000780"/>
</kw>
<kw name="Phone Number" owner="FakerLibrary">
<msg time="2024-07-28T16:28:15.581489" level="INFO">${MOBILENUMBERFAKE} = +55 (084) 0674 0202</msg>
<var>${MOBILENUMBERFAKE}</var>
<status status="PASS" start="2024-07-28T16:28:15.581052" elapsed="0.000693"/>
</kw>
<kw name="Click Element" owner="SeleniumLibrary">
<msg time="2024-07-28T16:28:15.582303" level="INFO">Clicking element 'name=mobile_number'.</msg>
<arg>${INPUT_MOBILENUMBER}</arg>
<doc>Click the element identified by ``locator``.</doc>
<status status="PASS" start="2024-07-28T16:28:15.581978" elapsed="0.067684"/>
</kw>
<kw name="Sleep" owner="BuiltIn">
<msg time="2024-07-28T16:28:17.653107" level="INFO">Slept 2 seconds.</msg>
<arg>2s</arg>
<doc>Pauses the test executed for the given time.</doc>
<status status="PASS" start="2024-07-28T16:28:15.650100" elapsed="2.003236"/>
</kw>
<kw name="Input Text" owner="SeleniumLibrary">
<msg time="2024-07-28T16:28:17.654436" level="INFO">Typing text '+55 (084) 0674 0202' into text field 'name=mobile_number'.</msg>
<arg>${INPUT_MOBILENUMBER}</arg>
<arg>${MOBILENUMBERFAKE}</arg>
<doc>Types the given ``text`` into the text field identified by ``locator``.</doc>
<status status="PASS" start="2024-07-28T16:28:17.653867" elapsed="0.113172"/>
</kw>
<kw name="Log To Console" owner="BuiltIn">
<arg>his is a mobile number name: ${MOBILENUMBERFAKE}</arg>
<doc>Logs the given message to the console.</doc>
<status status="PASS" start="2024-07-28T16:28:17.767421" elapsed="0.000392"/>
</kw>
<status status="PASS" start="2024-07-28T16:28:13.579804" elapsed="4.188110"/>
</kw>
<status status="PASS" start="2024-07-28T16:28:13.579598" elapsed="4.188376"/>
</kw>
<arg>${keyword}</arg>
<doc>Executes the given keyword with the given arguments.</doc>
<status status="PASS" start="2024-07-28T16:28:13.579433" elapsed="4.188585"/>
</kw>
<status status="PASS" start="2024-07-28T16:28:13.579151" elapsed="4.188921"/>
</kw>
<status status="PASS" start="2024-07-28T16:27:45.531359" elapsed="32.236955"/>
</test>
<test id="s1-t6" name="Cenário 05: Validar Cadastro com Sucesso" line="41">
<kw name="Dado que todos os campos estejam preenchidos" owner="BDDpt-br" source_name="Dado ${keyword}">
<kw name="Run Keyword" owner="BuiltIn">
<kw name="que todos os campos estejam preenchidos" owner="ResourceBDD">
<kw name="validar campos" owner="ResourceBDD">
<kw name="Sleep" owner="BuiltIn">
<msg time="2024-07-28T16:28:19.772513" level="INFO">Slept 2 seconds.</msg>
<arg>2s</arg>
<doc>Pauses the test executed for the given time.</doc>
<status status="PASS" start="2024-07-28T16:28:17.770075" elapsed="2.002748"/>
</kw>
<status status="PASS" start="2024-07-28T16:28:17.769875" elapsed="2.003182"/>
</kw>
<status status="PASS" start="2024-07-28T16:28:17.769703" elapsed="2.003484"/>
</kw>
<arg>${keyword}</arg>
<doc>Executes the given keyword with the given arguments.</doc>
<status status="PASS" start="2024-07-28T16:28:17.769432" elapsed="2.003944"/>
</kw>
<status status="PASS" start="2024-07-28T16:28:17.769140" elapsed="2.004402"/>
</kw>
<kw name="Quando clicar no botão Create Account" owner="BDDpt-br" source_name="Quando ${keyword}">
<kw name="Run Keyword" owner="BuiltIn">
<kw name="clicar no botão Create Account" owner="ResourceBDD">
<kw name="cadastrar conta" owner="ResourceBDD">
<kw name="Sleep" owner="BuiltIn">
<msg time="2024-07-28T16:28:21.778600" level="INFO">Slept 2 seconds.</msg>
<arg>2s</arg>
<doc>Pauses the test executed for the given time.</doc>
<status status="PASS" start="2024-07-28T16:28:19.776860" elapsed="2.001954"/>
</kw>
<kw name="Click Element" owner="SeleniumLibrary">
<msg time="2024-07-28T16:28:21.779879" level="INFO">Clicking element 'xpath=.//button[contains(@data-qa,'create-account')]'.</msg>
<arg>${BOTAO_CREATE_ACOUNT}</arg>
<doc>Click the element identified by ``locator``.</doc>
<status status="PASS" start="2024-07-28T16:28:21.779223" elapsed="2.193971"/>
</kw>
<status status="PASS" start="2024-07-28T16:28:19.776565" elapsed="4.197059"/>
</kw>
<status status="PASS" start="2024-07-28T16:28:19.776068" elapsed="4.197652"/>
</kw>
<arg>${keyword}</arg>
<doc>Executes the given keyword with the given arguments.</doc>
<status status="PASS" start="2024-07-28T16:28:19.774819" elapsed="4.198954"/>
</kw>
<status status="PASS" start="2024-07-28T16:28:19.774091" elapsed="4.199740"/>
</kw>
<kw name="Então o cadastro sera realizado com sucesso e sera exibida a mensagem &quot;ACCOUNT CREATED!&quot;" owner="BDDpt-br" source_name="Então ${keyword}">
<kw name="Run Keyword" owner="BuiltIn">
<kw name="o cadastro sera realizado com sucesso e sera exibida a mensagem &quot;ACCOUNT CREATED!&quot;" owner="ResourceBDD" source_name="o cadastro sera realizado com sucesso e sera exibida a mensagem &quot;${MSGSUCESSO}&quot;">
<kw name="validar cadastro com sucesso ${MSGSUCESSO}" owner="ResourceBDD" source_name="validar cadastro com sucesso ${MSGSUCESSO}">
<kw name="Sleep" owner="BuiltIn">
<msg time="2024-07-28T16:28:25.977649" level="INFO">Slept 2 seconds.</msg>
<arg>2s</arg>
<doc>Pauses the test executed for the given time.</doc>
<status status="PASS" start="2024-07-28T16:28:23.975793" elapsed="2.002090"/>
</kw>
<kw name="Element Text Should Be" owner="SeleniumLibrary">
<msg time="2024-07-28T16:28:25.979091" level="INFO">Verifying element 'xpath=./html/body/section/div/div/div/h2/b' contains exact text 'ACCOUNT CREATED!'.</msg>
<arg>${MSGCADASTRO}</arg>
<arg>${MSGSUCESSO}</arg>
<doc>Verifies that element ``locator`` contains exact the text ``expected``.</doc>
<status status="PASS" start="2024-07-28T16:28:25.978334" elapsed="0.034480"/>
</kw>
<status status="PASS" start="2024-07-28T16:28:23.975542" elapsed="2.037489"/>
</kw>
<status status="PASS" start="2024-07-28T16:28:23.975251" elapsed="2.037854"/>
</kw>
<arg>${keyword}</arg>
<doc>Executes the given keyword with the given arguments.</doc>
<status status="PASS" start="2024-07-28T16:28:23.974858" elapsed="2.038379"/>
</kw>
<status status="PASS" start="2024-07-28T16:28:23.974336" elapsed="2.038970"/>
</kw>
<status status="PASS" start="2024-07-28T16:28:17.768631" elapsed="8.245000"/>
</test>
<status status="PASS" start="2024-07-28T16:27:13.592617" elapsed="72.421664"/>
</suite>
<statistics>
<total>
<stat pass="6" fail="0" skip="0">All Tests</stat>
</total>
<tag>
</tag>
<suite>
<stat pass="6" fail="0" skip="0" id="s1" name="TestesBDDWeb">TestesBDDWeb</stat>
</suite>
</statistics>
<errors>
</errors>
</robot>
