<?xml version="1.0" encoding="UTF-8"?>
<robot generator="Robot 7.0.1 (Python 3.12.4 on darwin)" generated="2024-07-27T02:06:07.118069" rpa="false" schemaversion="5">
<suite id="s1" name="TestesBDDApi" source="/Users/rodrigobalbino/Documents/testesrobotframework-master/Demos/TestesApi/TestesBDDApi.robot">
<test id="s1-t1" name="Cenario: POST - Create" line="17">
<kw name="Dado que crie a sessao para &quot;${BASE_URL}&quot;">
<msg time="2024-07-27T02:06:07.130586" level="FAIL">No keyword with name 'Dado que crie a sessao para "${BASE_URL}"' found.</msg>
<status status="FAIL" start="2024-07-27T02:06:07.130572" elapsed="0.000033">No keyword with name 'Dado que crie a sessao para "${BASE_URL}"' found.</status>
</kw>
<kw name="Quando realizar um POST para o endpoint &quot;api/users&quot; com nome &quot;George&quot; e job &quot;QA&quot;">
<status status="NOT RUN" start="2024-07-27T02:06:07.130685" elapsed="0.000010"/>
</kw>
<kw name="Então status code da resposta sera 201">
<status status="NOT RUN" start="2024-07-27T02:06:07.130741" elapsed="0.000007"/>
</kw>
<kw name="E sera retornado no response a chave &quot;id&quot;">
<status status="NOT RUN" start="2024-07-27T02:06:07.130784" elapsed="0.000005"/>
</kw>
<status status="FAIL" start="2024-07-27T02:06:07.130126" elapsed="0.000715">No keyword with name 'Dado que crie a sessao para "${BASE_URL}"' found.</status>
</test>
<test id="s1-t2" name="Cenario: GET - Single User" line="23">
<kw name="Dado que crie a sessao para &quot;${BASE_URL}&quot;">
<msg time="2024-07-27T02:06:07.131175" level="FAIL">No keyword with name 'Dado que crie a sessao para "${BASE_URL}"' found.</msg>
<status status="FAIL" start="2024-07-27T02:06:07.131166" elapsed="0.000021">No keyword with name 'Dado que crie a sessao para "${BASE_URL}"' found.</status>
</kw>
<kw name="Quando realizar um GET para o endpoint &quot;/api/users/&quot;">
<status status="NOT RUN" start="2024-07-27T02:06:07.131232" elapsed="0.000005"/>
</kw>
<kw name="Então status code da resposta sera 200">
<status status="NOT RUN" start="2024-07-27T02:06:07.131271" elapsed="0.000005"/>
</kw>
<status status="FAIL" start="2024-07-27T02:06:07.130910" elapsed="0.000408">No keyword with name 'Dado que crie a sessao para "${BASE_URL}"' found.</status>
</test>
<test id="s1-t3" name="Cenario: PUT - Update" line="28">
<kw name="Dado que crie a sessao para &quot;${BASE_URL}&quot;">
<msg time="2024-07-27T02:06:07.131623" level="FAIL">No keyword with name 'Dado que crie a sessao para "${BASE_URL}"' found.</msg>
<status status="FAIL" start="2024-07-27T02:06:07.131615" elapsed="0.000018">No keyword with name 'Dado que crie a sessao para "${BASE_URL}"' found.</status>
</kw>
<kw name="Quando realizar um PUT para o endpoint &quot;/api/users/&quot; alterando os dados nome &quot;George1&quot; e job &quot;QA1&quot;">
<status status="NOT RUN" start="2024-07-27T02:06:07.131680" elapsed="0.000006"/>
</kw>
<kw name="Então status code da resposta sera 200">
<status status="NOT RUN" start="2024-07-27T02:06:07.131718" elapsed="0.000005"/>
</kw>
<status status="FAIL" start="2024-07-27T02:06:07.131376" elapsed="0.000384">No keyword with name 'Dado que crie a sessao para "${BASE_URL}"' found.</status>
</test>
<test id="s1-t4" name="Cenario: DELETE" line="33">
<kw name="Dado que crie a sessao para &quot;${BASE_URL}&quot;">
<msg time="2024-07-27T02:06:07.132039" level="FAIL">No keyword with name 'Dado que crie a sessao para "${BASE_URL}"' found.</msg>
<status status="FAIL" start="2024-07-27T02:06:07.132032" elapsed="0.000016">No keyword with name 'Dado que crie a sessao para "${BASE_URL}"' found.</status>
</kw>
<kw name="Quando realizar um DELETE para o endpoint &quot;/api/users/&quot; para usuario criado">
<status status="NOT RUN" start="2024-07-27T02:06:07.132089" elapsed="0.000006"/>
</kw>
<kw name="Então status code da resposta sera 204">
<status status="NOT RUN" start="2024-07-27T02:06:07.132127" elapsed="0.000005"/>
</kw>
<status status="FAIL" start="2024-07-27T02:06:07.131812" elapsed="0.000362">No keyword with name 'Dado que crie a sessao para "${BASE_URL}"' found.</status>
</test>
<test id="s1-t5" name="Cenario: Validar usuario deletado" line="38">
<kw name="Dado que crie a sessao para &quot;${BASE_URL}&quot;">
<msg time="2024-07-27T02:06:07.132456" level="FAIL">No keyword with name 'Dado que crie a sessao para "${BASE_URL}"' found.</msg>
<status status="FAIL" start="2024-07-27T02:06:07.132449" elapsed="0.000016">No keyword with name 'Dado que crie a sessao para "${BASE_URL}"' found.</status>
</kw>
<kw name="Quando realizar um GET para o endpoint &quot;/api/users/&quot; para usuario deletado">
<status status="NOT RUN" start="2024-07-27T02:06:07.132507" elapsed="0.000005"/>
</kw>
<kw name="Então status code da resposta sera 200">
<status status="NOT RUN" start="2024-07-27T02:06:07.132544" elapsed="0.000004"/>
</kw>
<status status="FAIL" start="2024-07-27T02:06:07.132226" elapsed="0.000418">No keyword with name 'Dado que crie a sessao para "${BASE_URL}"' found.</status>
</test>
<status status="FAIL" start="2024-07-27T02:06:07.119004" elapsed="0.013758"/>
</suite>
<statistics>
<total>
<stat pass="0" fail="5" skip="0">All Tests</stat>
</total>
<tag>
</tag>
<suite>
<stat pass="0" fail="5" skip="0" id="s1" name="TestesBDDApi">TestesBDDApi</stat>
</suite>
</statistics>
<errors>
<msg time="2024-07-27T02:06:07.129872" level="ERROR">Error in file '/Users/rodrigobalbino/Documents/testesrobotframework-master/Demos/TestesApi/TestesBDDApi.robot' on line 2: Resource file '../resources/ResourceBDD.robot' does not exist.</msg>
<msg time="2024-07-27T02:06:07.129967" level="ERROR">Error in file '/Users/rodrigobalbino/Documents/testesrobotframework-master/Demos/TestesApi/TestesBDDApi.robot' on line 3: Resource file '../resources/BDDpt-br.robot' does not exist.</msg>
</errors>
</robot>
